\BOOKMARK [0][-]{chapter.1}{\376\377\060\157\060\130\060\201\060\153}{}% 1
\BOOKMARK [0][-]{chapter.2}{\376\377\225\242\220\043\170\024\172\166}{}% 2
\BOOKMARK [1][-]{section.2.1}{\376\377\143\250\205\246\060\267\060\271\060\306\060\340\060\156\212\262\230\114}{chapter.2}% 3
\BOOKMARK [1][-]{section.2.2}{\376\377\000E\000x\000p\000l\000a\000i\000n\000a\000b\000l\000e\000\040\000R\000e\000c\000o\000m\000m\000e\000n\000d\000a\000t\000i\000o\000n\377\010\212\254\146\016\123\357\200\375\143\250\205\246\377\011}{chapter.2}% 4
\BOOKMARK [1][-]{section.2.3}{\376\377\147\054\170\024\172\166\060\156\117\115\177\156\060\145\060\121}{chapter.2}% 5
\BOOKMARK [0][-]{chapter.3}{\376\377\000G\000L\000R\060\156\127\372\147\054\151\313\220\040}{}% 6
\BOOKMARK [1][-]{section.3.1}{\376\377\127\372\147\054\212\055\212\010\145\271\221\335}{chapter.3}% 7
\BOOKMARK [2][-]{subsection.3.1.1}{\376\377\175\332\137\142\060\342\060\307\060\353\060\150\060\127\060\146\060\156\212\055\212\010}{section.3.1}% 8
\BOOKMARK [2][-]{subsection.3.1.2}{\376\377\0004\174\373\122\027\060\153\060\210\060\213\116\210\156\054\122\006\211\343}{section.3.1}% 9
\BOOKMARK [1][-]{section.3.2}{\376\377\060\307\060\374\060\277\060\273\060\303\060\310\060\150\162\171\137\264\221\317}{chapter.3}% 10
\BOOKMARK [2][-]{subsection.3.2.1}{\376\377\060\307\060\374\060\277\060\273\060\303\060\310\151\202\211\201}{section.3.2}% 11
\BOOKMARK [2][-]{subsection.3.2.2}{\376\377\000L\000L\000M\060\153\060\210\060\213\060\354\060\323\060\345\060\374\140\305\130\061\060\156\142\275\121\372}{section.3.2}% 12
\BOOKMARK [2][-]{subsection.3.2.3}{\376\377\060\354\060\323\060\345\060\374\162\171\137\264\221\317\165\037\142\020\142\113\230\006}{section.3.2}% 13
\BOOKMARK [2][-]{subsection.3.2.4}{\376\377\060\354\060\323\060\345\060\374\140\305\130\061\060\156\151\313\220\040\123\026}{section.3.2}% 14
\BOOKMARK [2][-]{subsection.3.2.5}{\376\377\162\171\137\264\221\317\060\260\060\353\060\374\060\327\060\156\151\313\142\020}{section.3.2}% 15
\BOOKMARK [1][-]{section.3.3}{\376\377\144\015\131\061\225\242\145\160}{chapter.3}% 16
\BOOKMARK [2][-]{subsection.3.3.1}{\376\377\144\015\131\061\225\242\145\160\060\156\212\055\212\010\145\271\221\335}{section.3.3}% 17
\BOOKMARK [2][-]{subsection.3.3.2}{\376\377\116\210\156\054\212\244\135\356\230\005\060\156\117\115\177\156\060\145\060\121}{section.3.3}% 18
\BOOKMARK [2][-]{subsection.3.3.3}{\376\377\133\146\177\322\133\211\133\232\123\026\060\156\060\137\060\201\060\156\153\143\122\107\123\026}{section.3.3}% 19
\BOOKMARK [2][-]{subsection.3.3.4}{\376\377\000M\000o\000v\000i\000e\174\373\122\027\060\153\133\376\060\131\060\213\142\221\122\066\153\143\122\107\123\026}{section.3.3}% 20
\BOOKMARK [2][-]{subsection.3.3.5}{\376\377\147\000\175\102\166\204\060\152\144\015\131\061\225\242\145\160}{section.3.3}% 21
\BOOKMARK [0][-]{chapter.4}{\376\377\133\237\232\023}{}% 22
\BOOKMARK [1][-]{section.4.1}{\376\377\175\332\137\142\060\342\060\307\060\353\060\150\060\127\060\146\060\156\131\245\137\123\140\047}{chapter.4}% 23
\BOOKMARK [2][-]{subsection.4.1.1}{\376\377\116\210\156\054\140\047\200\375\060\156\212\125\117\241}{section.4.1}% 24
\BOOKMARK [1][-]{section.4.2}{\376\377\133\304\116\016\122\006\211\343\060\156\123\263\133\306\140\047}{chapter.4}% 25
\BOOKMARK [2][-]{subsection.4.2.1}{\376\377\0004\174\373\122\027\060\153\060\210\060\213\116\210\156\054\060\156\151\313\220\040\166\204\122\006\211\343}{section.4.2}% 26
\BOOKMARK [2][-]{subsection.4.2.2}{\376\377\140\305\130\061\117\335\143\001\163\207\060\156\151\034\212\074\377\010\000E\000I\000L\122\006\147\220\377\011}{section.4.2}% 27
\BOOKMARK [2][-]{subsection.4.2.3}{\376\377\212\254\146\016\060\156\133\211\133\232\140\047\060\150\131\026\166\204\145\164\124\010\140\047}{section.4.2}% 28
\BOOKMARK [1][-]{section.4.3}{\376\377\120\013\140\047\164\006\211\343\060\156\133\232\221\317\166\204\133\237\212\074}{chapter.4}% 29
\BOOKMARK [2][-]{subsection.4.3.1}{\376\377\133\304\116\016\060\320\060\351\060\363\060\271\060\150\000V\000a\000r\000i\000a\000n\000c\000e\122\006\147\220}{section.4.3}% 30
\BOOKMARK [2][-]{subsection.4.3.2}{\376\377\212\125\117\241\060\271\060\277\060\244\060\353\060\257\060\351\060\271\060\277\060\374\060\156\166\172\211\213}{section.4.3}% 31
\BOOKMARK [2][-]{subsection.4.3.3}{\376\377\122\271\147\234\221\317\060\153\060\210\060\213\151\034\212\074}{section.4.3}% 32
\BOOKMARK [2][-]{subsection.4.3.4}{\376\377\133\237\117\213\060\153\060\210\060\213\211\343\221\310}{section.4.3}% 33
\BOOKMARK [0][-]{chapter.5}{\376\377\200\003\133\337}{}% 34
\BOOKMARK [1][-]{section.5.1}{\376\377\175\332\137\142\122\006\211\343\060\342\060\307\060\353\060\150\060\127\060\146\060\156\141\017\177\251}{chapter.5}% 35
\BOOKMARK [1][-]{section.5.2}{\376\377\212\125\117\241\060\271\060\277\060\244\060\353\123\357\211\226\123\026\060\113\060\211\137\227\060\211\060\214\060\213\171\072\125\006}{chapter.5}% 36
\BOOKMARK [1][-]{section.5.3}{\376\377\147\054\142\113\154\325\060\156\226\120\165\114}{chapter.5}% 37
\BOOKMARK [1][-]{section.5.4}{\376\377\116\312\137\214\060\156\134\125\147\033}{chapter.5}% 38
\BOOKMARK [0][-]{chapter.6}{\376\377\060\112\060\217\060\212\060\153}{}% 39
\BOOKMARK [1][-]{section.6.1}{\376\377\147\054\170\024\172\166\060\156\060\176\060\150\060\201}{chapter.6}% 40
\BOOKMARK [1][-]{section.6.2}{\376\377\147\054\170\024\172\166\060\156\214\242\163\056}{chapter.6}% 41
\BOOKMARK [1][-]{section.6.3}{\376\377\116\312\137\214\060\156\212\262\230\114}{chapter.6}% 42
\BOOKMARK [0][-]{chapter*.31}{\376\377\123\302\200\003\145\207\163\056}{}% 43
